2025-12-04 10:19:00 INFO  [main] o.s.b.w.e.tomcat.TomcatWebServer - Tomcat initialized with port(s): 8080 (http)
2025-12-04 10:19:00 INFO  [main] o.a.coyote.http11.Http11NioProtocol - Initializing ProtocolHandler ["http-nio-8080"]
2025-12-04 10:19:00 INFO  [main] o.a.catalina.core.StandardService - Starting service [Tomcat]
2025-12-04 10:19:00 INFO  [main] o.a.catalina.core.StandardEngine - Starting Servlet engine: [Apache Tomcat/10.1.4]
2025-12-04 10:19:00 INFO  [main] o.a.c.c.C.[Tomcat].[localhost].[/] - Initializing Spring embedded WebApplicationContext
2025-12-04 10:19:00 INFO  [main] o.s.b.w.s.c.ServletWebServerApplicationContext - Root WebApplicationContext: initialization completed in 850 ms
2025-12-04 10:19:00 INFO  [main] o.a.coyote.http11.Http11NioProtocol - Starting ProtocolHandler ["http-nio-8080"]
2025-12-04 10:19:00 INFO  [main] o.s.b.w.e.tomcat.TomcatWebServer - Tomcat started on port(s): 8080 (http) with context path ''
2025-12-04 10:19:00 INFO  [main] k.c.s.ShortenurlserviceApplication - Started ShortenurlserviceApplication in 1.613 seconds (process running for 1.836)
2025-12-04 10:19:05 INFO  [http-nio-8080-exec-1] o.a.c.c.C.[Tomcat].[localhost].[/] - Initializing Spring DispatcherServlet 'dispatcherServlet'
2025-12-04 10:19:05 INFO  [http-nio-8080-exec-1] o.s.web.servlet.DispatcherServlet - Initializing Servlet 'dispatcherServlet'
2025-12-04 10:19:05 INFO  [http-nio-8080-exec-1] o.s.web.servlet.DispatcherServlet - Completed initialization in 0 ms
2025-12-04 10:19:05 INFO  [http-nio-8080-exec-1] k.c.s.presentation.LoggingFilter - Incoming Request. URL=/shortenUrl, Method=POST, Body={    "osriginalUrl": "https://www.inflearn.com/",    "shortenUrlKey": "pDNJ3zya"}
2025-12-04 10:19:05 WARN  [http-nio-8080-exec-1] k.c.s.p.GlobalExceptionHandler - Validation failed: 유효성 검증 실패: [originalUrl: 널이어서는 안됩니다] 
2025-12-04 10:19:22 INFO  [background-preinit] o.h.validator.internal.util.Version - HV000001: Hibernate Validator 8.0.0.Final
2025-12-04 10:19:22 INFO  [main] k.c.s.ShortenurlserviceApplication - Starting ShortenurlserviceApplication using Java 17.0.12 with PID 43436 (C:\Users\myeon\Desktop\shorten-url-for-logging\target\classes started by myeon in C:\Users\myeon\Desktop\shorten-url-for-logging)
2025-12-04 10:19:22 DEBUG [main] k.c.s.ShortenurlserviceApplication - Running with Spring Boot v3.0.1, Spring v6.0.3
2025-12-04 10:19:22 INFO  [main] k.c.s.ShortenurlserviceApplication - No active profile set, falling back to 1 default profile: "default"
2025-12-04 10:19:23 INFO  [main] o.s.b.w.e.tomcat.TomcatWebServer - Tomcat initialized with port(s): 8080 (http)
2025-12-04 10:19:23 INFO  [main] o.a.coyote.http11.Http11NioProtocol - Initializing ProtocolHandler ["http-nio-8080"]
2025-12-04 10:19:23 INFO  [main] o.a.catalina.core.StandardService - Starting service [Tomcat]
2025-12-04 10:19:23 INFO  [main] o.a.catalina.core.StandardEngine - Starting Servlet engine: [Apache Tomcat/10.1.4]
2025-12-04 10:19:23 INFO  [main] o.a.c.c.C.[Tomcat].[localhost].[/] - Initializing Spring embedded WebApplicationContext
2025-12-04 10:19:23 INFO  [main] o.s.b.w.s.c.ServletWebServerApplicationContext - Root WebApplicationContext: initialization completed in 891 ms
2025-12-04 10:19:24 INFO  [main] o.a.coyote.http11.Http11NioProtocol - Starting ProtocolHandler ["http-nio-8080"]
2025-12-04 10:19:24 INFO  [main] o.s.b.w.e.tomcat.TomcatWebServer - Tomcat started on port(s): 8080 (http) with context path ''
2025-12-04 10:19:24 INFO  [main] k.c.s.ShortenurlserviceApplication - Started ShortenurlserviceApplication in 1.609 seconds (process running for 1.845)
2025-12-04 10:19:29 INFO  [background-preinit] o.h.validator.internal.util.Version - HV000001: Hibernate Validator 8.0.0.Final
2025-12-04 10:19:29 INFO  [main] k.c.s.ShortenurlserviceApplication - Starting ShortenurlserviceApplication using Java 17.0.12 with PID 37196 (C:\Users\myeon\Desktop\shorten-url-for-logging\target\classes started by myeon in C:\Users\myeon\Desktop\shorten-url-for-logging)
2025-12-04 10:19:29 DEBUG [main] k.c.s.ShortenurlserviceApplication - Running with Spring Boot v3.0.1, Spring v6.0.3
2025-12-04 10:19:29 INFO  [main] k.c.s.ShortenurlserviceApplication - No active profile set, falling back to 1 default profile: "default"
2025-12-04 10:19:30 INFO  [main] o.s.b.w.e.tomcat.TomcatWebServer - Tomcat initialized with port(s): 8080 (http)
2025-12-04 10:19:30 INFO  [main] o.a.coyote.http11.Http11NioProtocol - Initializing ProtocolHandler ["http-nio-8080"]
2025-12-04 10:19:30 INFO  [main] o.a.catalina.core.StandardService - Starting service [Tomcat]
2025-12-04 10:19:30 INFO  [main] o.a.catalina.core.StandardEngine - Starting Servlet engine: [Apache Tomcat/10.1.4]
2025-12-04 10:19:30 INFO  [main] o.a.c.c.C.[Tomcat].[localhost].[/] - Initializing Spring embedded WebApplicationContext
2025-12-04 10:19:30 INFO  [main] o.s.b.w.s.c.ServletWebServerApplicationContext - Root WebApplicationContext: initialization completed in 928 ms
2025-12-04 10:19:30 INFO  [main] o.a.coyote.http11.Http11NioProtocol - Starting ProtocolHandler ["http-nio-8080"]
2025-12-04 10:19:30 INFO  [main] o.s.b.w.e.tomcat.TomcatWebServer - Tomcat started on port(s): 8080 (http) with context path ''
2025-12-04 10:19:30 INFO  [main] k.c.s.ShortenurlserviceApplication - Started ShortenurlserviceApplication in 1.661 seconds (process running for 1.928)
