2025-12-04 10:22:25 INFO  [background-preinit] o.h.validator.internal.util.Version - HV000001: Hibernate Validator 8.0.0.Final
2025-12-04 10:22:25 INFO  [main] k.c.s.ShortenurlserviceApplication - Starting ShortenurlserviceApplication using Java 17.0.12 with PID 56440 (C:\Users\myeon\Desktop\shorten-url-for-logging\target\classes started by myeon in C:\Users\myeon\Desktop\shorten-url-for-logging)
2025-12-04 10:22:25 DEBUG [main] k.c.s.ShortenurlserviceApplication - Running with Spring Boot v3.0.1, Spring v6.0.3
2025-12-04 10:22:25 INFO  [main] k.c.s.ShortenurlserviceApplication - The following 1 profile is active: "prod"
2025-12-04 10:22:26 INFO  [main] o.s.b.w.e.tomcat.TomcatWebServer - Tomcat initialized with port(s): 8080 (http)
2025-12-04 10:22:26 INFO  [main] o.a.coyote.http11.Http11NioProtocol - Initializing ProtocolHandler ["http-nio-8080"]
2025-12-04 10:22:26 INFO  [main] o.a.catalina.core.StandardService - Starting service [Tomcat]
2025-12-04 10:22:26 INFO  [main] o.a.catalina.core.StandardEngine - Starting Servlet engine: [Apache Tomcat/10.1.4]
2025-12-04 10:22:26 INFO  [main] o.a.c.c.C.[Tomcat].[localhost].[/] - Initializing Spring embedded WebApplicationContext
2025-12-04 10:22:26 INFO  [main] o.s.b.w.s.c.ServletWebServerApplicationContext - Root WebApplicationContext: initialization completed in 828 ms
2025-12-04 10:22:27 INFO  [main] o.a.coyote.http11.Http11NioProtocol - Starting ProtocolHandler ["http-nio-8080"]
2025-12-04 10:22:27 INFO  [main] o.s.b.w.e.tomcat.TomcatWebServer - Tomcat started on port(s): 8080 (http) with context path ''
2025-12-04 10:22:27 INFO  [main] k.c.s.ShortenurlserviceApplication - Started ShortenurlserviceApplication in 1.589 seconds (process running for 1.831)
2025-12-04 10:22:32 INFO  [background-preinit] o.h.validator.internal.util.Version - HV000001: Hibernate Validator 8.0.0.Final
2025-12-04 10:22:33 INFO  [main] k.c.s.ShortenurlserviceApplication - Starting ShortenurlserviceApplication using Java 17.0.12 with PID 58216 (C:\Users\myeon\Desktop\shorten-url-for-logging\target\classes started by myeon in C:\Users\myeon\Desktop\shorten-url-for-logging)
2025-12-04 10:22:33 DEBUG [main] k.c.s.ShortenurlserviceApplication - Running with Spring Boot v3.0.1, Spring v6.0.3
2025-12-04 10:22:33 INFO  [main] k.c.s.ShortenurlserviceApplication - The following 1 profile is active: "dev"
2025-12-04 10:22:33 INFO  [main] o.s.b.w.e.tomcat.TomcatWebServer - Tomcat initialized with port(s): 8080 (http)
2025-12-04 10:22:33 INFO  [main] o.a.coyote.http11.Http11NioProtocol - Initializing ProtocolHandler ["http-nio-8080"]
2025-12-04 10:22:33 INFO  [main] o.a.catalina.core.StandardService - Starting service [Tomcat]
2025-12-04 10:22:33 INFO  [main] o.a.catalina.core.StandardEngine - Starting Servlet engine: [Apache Tomcat/10.1.4]
2025-12-04 10:22:33 INFO  [main] o.a.c.c.C.[Tomcat].[localhost].[/] - Initializing Spring embedded WebApplicationContext
2025-12-04 10:22:33 INFO  [main] o.s.b.w.s.c.ServletWebServerApplicationContext - Root WebApplicationContext: initialization completed in 856 ms
2025-12-04 10:22:34 INFO  [main] o.a.coyote.http11.Http11NioProtocol - Starting ProtocolHandler ["http-nio-8080"]
2025-12-04 10:22:34 INFO  [main] o.s.b.w.e.tomcat.TomcatWebServer - Tomcat started on port(s): 8080 (http) with context path ''
2025-12-04 10:22:34 INFO  [main] k.c.s.ShortenurlserviceApplication - Started ShortenurlserviceApplication in 1.605 seconds (process running for 1.835)
